2026-01-28 11:12:14 [main] INFO  com.example.demo.DemoApplication - Starting DemoApplication using Java 17.0.15 on zhp with PID 10104 (D:\Linewell\Object\demo\target\classes started by hp in D:\Linewell\Object\demo)
2026-01-28 11:12:14 [main] DEBUG com.example.demo.DemoApplication - Running with Spring Boot v2.7.18, Spring v5.3.31
2026-01-28 11:12:14 [main] INFO  com.example.demo.DemoApplication - No active profile set, falling back to 1 default profile: "default"
2026-01-28 11:12:15 [main] INFO  o.s.d.r.c.RepositoryConfigurationDelegate - Bootstrapping Spring Data JPA repositories in DEFAULT mode.
2026-01-28 11:12:15 [main] INFO  o.s.d.r.c.RepositoryConfigurationDelegate - Finished Spring Data repository scanning in 6 ms. Found 0 JPA repository interfaces.
2026-01-28 11:12:15 [main] INFO  o.s.b.w.e.tomcat.TomcatWebServer - Tomcat initialized with port(s): 8080 (http)
2026-01-28 11:12:15 [main] INFO  o.a.c.core.AprLifecycleListener - Loaded Apache Tomcat Native library [1.3.1] using APR version [1.7.4].
2026-01-28 11:12:15 [main] INFO  o.a.c.core.AprLifecycleListener - APR capabilities: IPv6 [true], sendfile [true], accept filters [false], random [true], UDS [true].
2026-01-28 11:12:15 [main] INFO  o.a.c.core.AprLifecycleListener - APR/OpenSSL configuration: useAprConnector [false], useOpenSSL [true]
2026-01-28 11:12:15 [main] INFO  o.a.c.core.AprLifecycleListener - OpenSSL successfully initialized [OpenSSL 3.0.14 4 Jun 2024]
2026-01-28 11:12:15 [main] INFO  o.a.catalina.core.StandardService - Starting service [Tomcat]
2026-01-28 11:12:15 [main] INFO  o.a.catalina.core.StandardEngine - Starting Servlet engine: [Apache Tomcat/9.0.83]
2026-01-28 11:12:15 [main] INFO  o.a.c.c.C.[.[localhost].[/api] - Initializing Spring embedded WebApplicationContext
2026-01-28 11:12:15 [main] INFO  o.s.b.w.s.c.ServletWebServerApplicationContext - Root WebApplicationContext: initialization completed in 1105 ms
2026-01-28 11:12:15 [main] INFO  o.h.jpa.internal.util.LogHelper - HHH000204: Processing PersistenceUnitInfo [name: default]
2026-01-28 11:12:15 [main] INFO  org.hibernate.Version - HHH000412: Hibernate ORM core version 5.6.15.Final
2026-01-28 11:12:16 [main] INFO  o.h.annotations.common.Version - HCANN000001: Hibernate Commons Annotations {5.1.2.Final}
2026-01-28 11:12:16 [main] INFO  com.zaxxer.hikari.HikariDataSource - HikariPool-1 - Starting...
2026-01-28 11:12:16 [main] INFO  com.zaxxer.hikari.HikariDataSource - HikariPool-1 - Start completed.
2026-01-28 11:12:16 [main] INFO  org.hibernate.dialect.Dialect - HHH000400: Using dialect: org.hibernate.dialect.MySQL8Dialect
2026-01-28 11:12:16 [main] INFO  o.h.e.t.j.p.i.JtaPlatformInitiator - HHH000490: Using JtaPlatform implementation: [org.hibernate.engine.transaction.jta.platform.internal.NoJtaPlatform]
2026-01-28 11:12:16 [main] INFO  o.s.o.j.LocalContainerEntityManagerFactoryBean - Initialized JPA EntityManagerFactory for persistence unit 'default'
2026-01-28 11:12:17 [main] WARN  o.s.b.a.o.j.JpaBaseConfiguration$JpaWebConfiguration - spring.jpa.open-in-view is enabled by default. Therefore, database queries may be performed during view rendering. Explicitly configure spring.jpa.open-in-view to disable this warning
2026-01-28 11:12:17 [main] INFO  o.s.b.w.e.tomcat.TomcatWebServer - Tomcat started on port(s): 8080 (http) with context path '/api'
2026-01-28 11:12:17 [main] INFO  com.example.demo.DemoApplication - Started DemoApplication in 3.175 seconds (JVM running for 3.861)
2026-01-28 11:13:19 [http-nio-8080-exec-1] INFO  o.a.c.c.C.[.[localhost].[/api] - Initializing Spring DispatcherServlet 'dispatcherServlet'
2026-01-28 11:13:19 [http-nio-8080-exec-1] INFO  o.s.web.servlet.DispatcherServlet - Initializing Servlet 'dispatcherServlet'
2026-01-28 11:13:19 [http-nio-8080-exec-1] INFO  o.s.web.servlet.DispatcherServlet - Completed initialization in 0 ms
2026-01-28 11:13:19 [http-nio-8080-exec-1] DEBUG c.e.d.m.B.findBadDataByRegex - ==>  Preparing: SELECT * FROM user WHERE telephone NOT REGEXP ?
2026-01-28 11:13:19 [http-nio-8080-exec-1] DEBUG c.e.d.m.B.findBadDataByRegex - ==> Parameters: ^1[3-9]\d{9}$(String)
2026-01-28 11:13:19 [http-nio-8080-exec-1] DEBUG c.e.d.m.B.findBadDataByRegex - <==      Total: 3
2026-01-28 11:15:09 [http-nio-8080-exec-6] WARN  o.s.w.s.m.s.DefaultHandlerExceptionResolver - Resolved [org.springframework.http.converter.HttpMessageNotReadableException: JSON parse error: Cannot deserialize value of type `java.lang.String` from Object value (token `JsonToken.START_OBJECT`); nested exception is com.fasterxml.jackson.databind.exc.MismatchedInputException: Cannot deserialize value of type `java.lang.String` from Object value (token `JsonToken.START_OBJECT`)<EOL> at [Source: (org.springframework.util.StreamUtils$NonClosingInputStream); line: 4, column: 11] (through reference chain: com.example.demo.bean.CheckRequest["rule"])]
2026-01-28 11:15:33 [http-nio-8080-exec-7] WARN  o.s.w.s.m.s.DefaultHandlerExceptionResolver - Resolved [org.springframework.http.converter.HttpMessageNotReadableException: JSON parse error: Cannot deserialize value of type `java.lang.String` from Object value (token `JsonToken.START_OBJECT`); nested exception is com.fasterxml.jackson.databind.exc.MismatchedInputException: Cannot deserialize value of type `java.lang.String` from Object value (token `JsonToken.START_OBJECT`)<EOL> at [Source: (org.springframework.util.StreamUtils$NonClosingInputStream); line: 4, column: 11] (through reference chain: com.example.demo.bean.CheckRequest["rule"])]
2026-01-28 11:19:15 [http-nio-8080-exec-8] DEBUG c.e.d.m.B.findBadDataByRegex - ==>  Preparing: SELECT * FROM user WHERE cardid NOT REGEXP ?
2026-01-28 11:19:15 [http-nio-8080-exec-8] DEBUG c.e.d.m.B.findBadDataByRegex - ==> Parameters: ^[1-9]\d{5}(18|19|20)\d{2}(0[1-9]|1[0-2])(0[1-9]|[12]\d|3[01])\d{3}[0-9Xx]$(String)
2026-01-28 11:19:15 [http-nio-8080-exec-8] DEBUG c.e.d.m.B.findBadDataByRegex - <==      Total: 5
2026-01-28 11:20:30 [http-nio-8080-exec-1] DEBUG c.e.d.m.B.findBadDataByRegex - ==>  Preparing: SELECT * FROM user WHERE cardid NOT REGEXP ?
2026-01-28 11:20:30 [http-nio-8080-exec-1] DEBUG c.e.d.m.B.findBadDataByRegex - ==> Parameters: ^[1-9]\d{5}(18|19|20)\d{2}(0[1-9]|1[0-2])(0[1-9]|[12]\d|3[01])\d{3}[0-9Xx]$(String)
2026-01-28 11:20:30 [http-nio-8080-exec-1] DEBUG c.e.d.m.B.findBadDataByRegex - <==      Total: 3
2026-01-28 11:26:13 [http-nio-8080-exec-4] DEBUG c.e.d.m.B.findBadDataByRegex - ==>  Preparing: SELECT * FROM user WHERE email NOT REGEXP ?
2026-01-28 11:26:13 [http-nio-8080-exec-4] DEBUG c.e.d.m.B.findBadDataByRegex - ==> Parameters: ^[A-Za-z0-9+_.-]+@[A-Za-z0-9.-]+$(String)
2026-01-28 11:26:13 [http-nio-8080-exec-4] DEBUG c.e.d.m.B.findBadDataByRegex - <==      Total: 3
2026-01-28 11:31:33 [SpringApplicationShutdownHook] INFO  o.s.o.j.LocalContainerEntityManagerFactoryBean - Closing JPA EntityManagerFactory for persistence unit 'default'
2026-01-28 11:31:33 [SpringApplicationShutdownHook] INFO  com.zaxxer.hikari.HikariDataSource - HikariPool-1 - Shutdown initiated...
2026-01-28 11:31:33 [SpringApplicationShutdownHook] INFO  com.zaxxer.hikari.HikariDataSource - HikariPool-1 - Shutdown completed.
